<?xml version="1.0" encoding="UTF-8"?>
<testsuite name="com.example.websockettest.WebSocketTestApplicationTests" tests="1" skipped="0" failures="0" errors="0" timestamp="2026-02-08T11:10:02.154Z" hostname="Ashishs-MacBook-Air.local" time="0.756">
  <properties/>
  <testcase name="contextLoads()" classname="com.example.websockettest.WebSocketTestApplicationTests" time="0.29"/>
  <system-out><![CDATA[22:10:02.193 [Test worker] INFO org.springframework.test.context.support.AnnotationConfigContextLoaderUtils -- Could not detect default configuration classes for test class [com.example.websockettest.WebSocketTestApplicationTests]: WebSocketTestApplicationTests does not declare any static, non-private, non-final, nested classes annotated with @Configuration.
22:10:02.228 [Test worker] INFO org.springframework.boot.test.context.SpringBootTestContextBootstrapper -- Found @SpringBootConfiguration com.example.websockettest.WebSocketTestApplication for test class com.example.websockettest.WebSocketTestApplicationTests

  .   ____          _            __ _ _
 /\\ / ___'_ __ _ _(_)_ __  __ _ \ \ \ \
( ( )\___ | '_ | '_| | '_ \/ _` | \ \ \ \
 \\/  ___)| |_)| | | | | || (_| |  ) ) ) )
  '  |____| .__|_| |_|_| |_\__, | / / / /
 =========|_|==============|___/=/_/_/_/

 :: Spring Boot ::                (v3.4.4)

2026-02-08T22:10:02.334+11:00  INFO 24769 --- [    Test worker] c.e.w.WebSocketTestApplicationTests      : Starting WebSocketTestApplicationTests using Java 25.0.2 with PID 24769 (started by aks in /Users/aks/Documents/GitRepos/webSocketTest/backend)
2026-02-08T22:10:02.335+11:00  INFO 24769 --- [    Test worker] c.e.w.WebSocketTestApplicationTests      : No active profile set, falling back to 1 default profile: "default"
2026-02-08T22:10:02.617+11:00  INFO 24769 --- [    Test worker] c.e.w.WebSocketTestApplicationTests      : Started WebSocketTestApplicationTests in 0.351 seconds (process running for 0.687)
]]></system-out>
  <system-err><![CDATA[Mockito is currently self-attaching to enable the inline-mock-maker. This will no longer work in future releases of the JDK. Please add Mockito as an agent to your build what is described in Mockito's documentation: https://javadoc.io/doc/org.mockito/mockito-core/latest/org/mockito/Mockito.html#0.3
WARNING: A Java agent has been loaded dynamically (/private/var/folders/cn/h00cnxqs7fddgl7tmkzsc3p00000gn/T/cursor-sandbox-cache/258f7a0bcf08c8d6bcea2b883eb2272f/gradle/caches/modules-2/files-2.1/net.bytebuddy/byte-buddy-agent/1.15.11/a38b16385e867f59a641330f0362ebe742788ed8/byte-buddy-agent-1.15.11.jar)
WARNING: If a serviceability tool is in use, please run with -XX:+EnableDynamicAgentLoading to hide this warning
WARNING: If a serviceability tool is not in use, please run with -Djdk.instrument.traceUsage for more information
WARNING: Dynamic loading of agents will be disallowed by default in a future release
]]></system-err>
</testsuite>
